<?xml version="1.0" encoding="UTF-8"?>
<testsuite xmlns:xsi="http://www.w3.org/2001/XMLSchema-instance" xsi:noNamespaceSchemaLocation="https://maven.apache.org/surefire/maven-surefire-plugin/xsd/surefire-test-report.xsd" version="3.0.2" name="com.loja.catalogo.repository.ProductRepositoryTest" time="4.504" tests="1" errors="0" skipped="0" failures="1">
  <properties>
[...]
</properties>
  <testcase name="shouldSaveAndFindActiveProducts" classname="com.loja.catalogo.repository.ProductRepositoryTest" time="0.831">
    <failure message="&#10;Expected size: 1 but was: 4 in:&#10;[com.loja.catalogo.entity.Product@31a9eaa,&#10;    com.loja.catalogo.entity.Product@37e967df,&#10;    com.loja.catalogo.entity.Product@16a89351,&#10;    com.loja.catalogo.entity.Product@1db7c267]" type="java.lang.AssertionError"><![CDATA[java.lang.AssertionError: 

Expected size: 1 but was: 4 in:
[com.loja.catalogo.entity.Product@31a9eaa,
    com.loja.catalogo.entity.Product@37e967df,
    com.loja.catalogo.entity.Product@16a89351,
    com.loja.catalogo.entity.Product@1db7c267]
	at com.loja.catalogo.repository.ProductRepositoryTest.shouldSaveAndFindActiveProducts(ProductRepositoryTest.java:30)
	at java.base/java.lang.reflect.Method.invoke(Method.java:565)
	at java.base/java.util.ArrayList.forEach(ArrayList.java:1604)
	at java.base/java.util.ArrayList.forEach(ArrayList.java:1604)
]]></failure>
    <system-out><![CDATA[2025-11-06T08:43:10.488-03:00  INFO 15804 --- [catalogo-backend] [           main] t.c.s.AnnotationConfigContextLoaderUtils : Could not detect default configuration classes for test class [com.loja.catalogo.repository.ProductRepositoryTest]: ProductRepositoryTest does not declare any static, non-private, non-final, nested classes annotated with @Configuration.
2025-11-06T08:43:10.539-03:00  INFO 15804 --- [catalogo-backend] [           main] .b.t.c.SpringBootTestContextBootstrapper : Found @SpringBootConfiguration com.loja.catalogo.CatalogoBackendApplication for test class com.loja.catalogo.repository.ProductRepositoryTest

  .   ____          _            __ _ _
 /\\ / ___'_ __ _ _(_)_ __  __ _ \ \ \ \
( ( )\___ | '_ | '_| | '_ \/ _` | \ \ \ \
 \\/  ___)| |_)| | | | | || (_| |  ) ) ) )
  '  |____| .__|_| |_|_| |_\__, | / / / /
 =========|_|==============|___/=/_/_/_/

 :: Spring Boot ::                (v3.5.7)

2025-11-06T08:43:10.593-03:00  INFO 15804 --- [catalogo-backend] [           main] c.l.c.repository.ProductRepositoryTest   : Starting ProductRepositoryTest using Java 25 with PID 15804 (started by tobias.kiefer in C:\Users\tobias.kiefer\Documents\projetos\catalogo)
2025-11-06T08:43:10.593-03:00  INFO 15804 --- [catalogo-backend] [           main] c.l.c.repository.ProductRepositoryTest   : The following 1 profile is active: "test"
2025-11-06T08:43:10.829-03:00  INFO 15804 --- [catalogo-backend] [           main] .s.d.r.c.RepositoryConfigurationDelegate : Bootstrapping Spring Data JPA repositories in DEFAULT mode.
2025-11-06T08:43:10.873-03:00  INFO 15804 --- [catalogo-backend] [           main] .s.d.r.c.RepositoryConfigurationDelegate : Finished Spring Data repository scanning in 41 ms. Found 2 JPA repository interfaces.
2025-11-06T08:43:10.919-03:00  INFO 15804 --- [catalogo-backend] [           main] beddedDataSourceBeanFactoryPostProcessor : Replacing 'dataSource' DataSource bean with embedded version
2025-11-06T08:43:10.979-03:00  INFO 15804 --- [catalogo-backend] [           main] o.s.j.d.e.EmbeddedDatabaseFactory        : Starting embedded database: url='jdbc:h2:mem:cf3bc073-09e3-4e92-a8b2-9363446ec925;DB_CLOSE_DELAY=-1;DB_CLOSE_ON_EXIT=false', username='sa'
2025-11-06T08:43:11.735-03:00  INFO 15804 --- [catalogo-backend] [           main] o.hibernate.jpa.internal.util.LogHelper  : HHH000204: Processing PersistenceUnitInfo [name: default]
2025-11-06T08:43:11.741-03:00  INFO 15804 --- [catalogo-backend] [           main] o.h.c.internal.RegionFactoryInitiator    : HHH000026: Second-level cache disabled
2025-11-06T08:43:11.763-03:00  INFO 15804 --- [catalogo-backend] [           main] o.s.o.j.p.SpringPersistenceUnitInfo      : No LoadTimeWeaver setup: ignoring JPA class transformer
2025-11-06T08:43:11.944-03:00  INFO 15804 --- [catalogo-backend] [           main] org.hibernate.orm.connections.pooling    : HHH10001005: Database info:
	Database JDBC URL [Connecting through datasource 'org.springframework.jdbc.datasource.embedded.EmbeddedDatabaseFactory$EmbeddedDataSourceProxy@1c610f']
	Database driver: undefined/unknown
	Database version: 2.3.232
	Autocommit mode: undefined/unknown
	Isolation level: undefined/unknown
	Minimum pool size: undefined/unknown
	Maximum pool size: undefined/unknown
2025-11-06T08:43:13.555-03:00  INFO 15804 --- [catalogo-backend] [           main] o.h.e.t.j.p.i.JtaPlatformInitiator       : HHH000489: No JTA platform available (set 'hibernate.transaction.jta.platform' to enable JTA platform integration)
Hibernate: 
    drop table if exists product cascade 
Hibernate: 
    drop table if exists users cascade 
Hibernate: 
    create table product (
        ativo boolean not null,
        preco float(53) not null,
        id bigint generated by default as identity,
        descricao varchar(255),
        nome varchar(255) not null,
        primary key (id)
    )
Hibernate: 
    create table users (
        id bigint generated by default as identity,
        email varchar(255) not null unique,
        nome varchar(255) not null,
        senha varchar(255) not null,
        perfil enum ('ADMIN','CLIENTE') not null,
        primary key (id)
    )
2025-11-06T08:43:13.612-03:00  INFO 15804 --- [catalogo-backend] [           main] j.LocalContainerEntityManagerFactoryBean : Initialized JPA EntityManagerFactory for persistence unit 'default'
2025-11-06T08:43:14.144-03:00  INFO 15804 --- [catalogo-backend] [           main] c.l.c.repository.ProductRepositoryTest   : Started ProductRepositoryTest in 3.594 seconds (process running for 10.369)
Hibernate: 
    insert 
    into
        product
        (ativo, descricao, nome, preco, id) 
    values
        (?, ?, ?, ?, default)
Hibernate: 
    select
        p1_0.id,
        p1_0.ativo,
        p1_0.descricao,
        p1_0.nome,
        p1_0.preco 
    from
        product p1_0 
    where
        p1_0.ativo
]]></system-out>
    <system-err><![CDATA[Mockito is currently self-attaching to enable the inline-mock-maker. This will no longer work in future releases of the JDK. Please add Mockito as an agent to your build as described in Mockito's documentation: https://javadoc.io/doc/org.mockito/mockito-core/latest/org.mockito/org/mockito/Mockito.html#0.3
WARNING: A Java agent has been loaded dynamically (C:\Users\tobias.kiefer\.m2\repository\net\bytebuddy\byte-buddy-agent\1.17.8\byte-buddy-agent-1.17.8.jar)
WARNING: If a serviceability tool is in use, please run with -XX:+EnableDynamicAgentLoading to hide this warning
WARNING: If a serviceability tool is not in use, please run with -Djdk.instrument.traceUsage for more information
WARNING: Dynamic loading of agents will be disallowed by default in a future release
]]></system-err>
  </testcase>
</testsuite>